<?xml version="1.0" encoding="UTF-8"?>
<!-- Generated by org.testng.reporters.JUnitReportReporter -->
<testsuite hostname="DESKTOP-1CCS179" failures="0" tests="1" name="com.db.testlayer.SignupTestCase" time="6.413" errors="0" timestamp="2024-03-04T19:32:23 IST" skipped="0">
  <testcase classname="com.db.testlayer.SignupTestCase" name="signupTest" time="6.413"/>
  <system-out/>
</testsuite> <!-- com.db.testlayer.SignupTestCase -->
